<?xml version="1.0" encoding="UTF-8"?>
<!-- Generated by org.testng.reporters.JUnitReportReporter -->
<testsuite hostname="Tasmayi" failures="0" tests="5" name="sampleprograms.Annotation" time="0.193" errors="0" timestamp="18 Jul 2023 10:46:37 GMT">
  <testcase classname="sampleprograms.Annotation" name="internet" time="0.042"/>
  <testcase classname="sampleprograms.Annotation" name="upi" time="0.015"/>
  <testcase classname="sampleprograms.Annotation" name="card" time="0.100"/>
  <testcase classname="sampleprograms.Annotation" name="internet" time="0.025"/>
  <testcase classname="sampleprograms.Annotation" name="internet" time="0.011"/>
</testsuite> <!-- sampleprograms.Annotation -->
