<?xml version="1.0" encoding="UTF-8"?>
<!-- Generated by org.testng.reporters.JUnitReportReporter -->
<testsuite hostname="Tasmayi" failures="0" tests="1" name="sampleprograms.BaseClassSample" time="0.121" errors="0" timestamp="18 Jul 2023 10:48:22 GMT">
  <testcase classname="sampleprograms.BaseClassSample" name="testScript" time="0.121"/>
</testsuite> <!-- sampleprograms.BaseClassSample -->
