<?xml version="1.0" encoding="UTF-8"?>
<!-- Generated by org.testng.reporters.JUnitReportReporter -->
<testsuite hostname="Tasmayi" failures="0" tests="1" name="sampleprograms.P1_Auth" time="13.153" errors="0" timestamp="18 Jul 2023 10:43:46 GMT">
  <testcase classname="sampleprograms.P1_Auth" name="auth" time="13.153"/>
</testsuite> <!-- sampleprograms.P1_Auth -->
