<?xml version="1.0" encoding="UTF-8"?>
<!-- Generated by org.testng.reporters.JUnitReportReporter -->
<testsuite hostname="Tasmayi" failures="0" tests="1" name="sampleprograms.PropertyFile" time="10.518" errors="0" timestamp="18 Jul 2023 10:22:09 GMT">
  <testcase classname="sampleprograms.PropertyFile" name="dataDriverTesting" time="10.518"/>
</testsuite> <!-- sampleprograms.PropertyFile -->
