<?xml version="1.0" encoding="UTF-8"?>
<!-- Generated by org.testng.reporters.JUnitXMLReporter -->
<testsuite ignored="0" hostname="ManiTheertham" failures="0" tests="3" name="Test-firefox" time="0.168" errors="0" timestamp="2023-07-21T12:00:03 IST">
  <testcase classname="org.yantra.genericUtility.BaseClass" name="@BeforeClass classSetup" time="-1.689921002942E9">
    <failure type="org.testng.TestNGException" message="
Parameter &amp;apos;browser&amp;apos; is required by BeforeClass on method classSetup but has not been marked @Optional or defined
in F:\Mani\Eclipse\Selenium\ShoppingPortal_Selenium_Framwork\crosstestng.xml">
      <![CDATA[org.testng.TestNGException: 
Parameter 'browser' is required by BeforeClass on method classSetup but has not been marked @Optional or defined
in F:\Mani\Eclipse\Selenium\ShoppingPortal_Selenium_Framwork\crosstestng.xml
at java.base/java.util.concurrent.ThreadPoolExecutor.runWorker(ThreadPoolExecutor.java:1130)
at java.base/java.util.concurrent.ThreadPoolExecutor$Worker.run(ThreadPoolExecutor.java:630)
at java.base/java.lang.Thread.run(Thread.java:831)
... Removed 7 stack frames]]>
    </failure>
  </testcase> <!-- @BeforeClass classSetup -->
  <testcase classname="org.yantra.genericUtility.BaseClass" name="@BeforeClass classSetup" time="-1.689921002949E9">
    <failure type="org.testng.TestNGException" message="
Parameter &amp;apos;browser&amp;apos; is required by BeforeClass on method classSetup but has not been marked @Optional or defined
in F:\Mani\Eclipse\Selenium\ShoppingPortal_Selenium_Framwork\crosstestng.xml">
      <![CDATA[org.testng.TestNGException: 
Parameter 'browser' is required by BeforeClass on method classSetup but has not been marked @Optional or defined
in F:\Mani\Eclipse\Selenium\ShoppingPortal_Selenium_Framwork\crosstestng.xml
at java.base/java.util.concurrent.ThreadPoolExecutor.runWorker(ThreadPoolExecutor.java:1130)
at java.base/java.util.concurrent.ThreadPoolExecutor$Worker.run(ThreadPoolExecutor.java:630)
at java.base/java.lang.Thread.run(Thread.java:831)
... Removed 7 stack frames]]>
    </failure>
  </testcase> <!-- @BeforeClass classSetup -->
  <testcase classname="org.yantra.genericUtility.BaseClass" name="@BeforeClass classSetup" time="-1.689921002942E9">
    <failure type="org.testng.TestNGException" message="
Parameter &amp;apos;browser&amp;apos; is required by BeforeClass on method classSetup but has not been marked @Optional or defined
in F:\Mani\Eclipse\Selenium\ShoppingPortal_Selenium_Framwork\crosstestng.xml">
      <![CDATA[org.testng.TestNGException: 
Parameter 'browser' is required by BeforeClass on method classSetup but has not been marked @Optional or defined
in F:\Mani\Eclipse\Selenium\ShoppingPortal_Selenium_Framwork\crosstestng.xml
at java.base/java.util.concurrent.ThreadPoolExecutor.runWorker(ThreadPoolExecutor.java:1130)
at java.base/java.util.concurrent.ThreadPoolExecutor$Worker.run(ThreadPoolExecutor.java:630)
at java.base/java.lang.Thread.run(Thread.java:831)
... Removed 7 stack frames]]>
    </failure>
  </testcase> <!-- @BeforeClass classSetup -->
  <testcase classname="org.yantra.genericUtility.BaseClass" name="@BeforeMethod login" time="0.001">
    <failure type="java.lang.NullPointerException" message="Cannot invoke &amp;quot;org.shopping_portal.objectRepository.LoginPagevtiger.loginAction(String, String)&amp;quot; because &amp;quot;this.login&amp;quot; is null">
      <![CDATA[java.lang.NullPointerException: Cannot invoke "org.shopping_portal.objectRepository.LoginPagevtiger.loginAction(String, String)" because "this.login" is null
at org.yantra.genericUtility.BaseClass.login(BaseClass.java:64)
at java.base/java.util.concurrent.ThreadPoolExecutor.runWorker(ThreadPoolExecutor.java:1130)
at java.base/java.util.concurrent.ThreadPoolExecutor$Worker.run(ThreadPoolExecutor.java:630)
at java.base/java.lang.Thread.run(Thread.java:831)
... Removed 16 stack frames]]>
    </failure>
  </testcase> <!-- @BeforeMethod login -->
  <testcase classname="org.yantra.genericUtility.BaseClass" name="@BeforeMethod login" time="0.0">
    <failure type="java.lang.NullPointerException" message="Cannot invoke &amp;quot;org.shopping_portal.objectRepository.LoginPagevtiger.loginAction(String, String)&amp;quot; because &amp;quot;this.login&amp;quot; is null">
      <![CDATA[java.lang.NullPointerException: Cannot invoke "org.shopping_portal.objectRepository.LoginPagevtiger.loginAction(String, String)" because "this.login" is null
at org.yantra.genericUtility.BaseClass.login(BaseClass.java:64)
at java.base/java.util.concurrent.ThreadPoolExecutor.runWorker(ThreadPoolExecutor.java:1130)
at java.base/java.util.concurrent.ThreadPoolExecutor$Worker.run(ThreadPoolExecutor.java:630)
at java.base/java.lang.Thread.run(Thread.java:831)
... Removed 16 stack frames]]>
    </failure>
  </testcase> <!-- @BeforeMethod login -->
  <testcase classname="org.yantra.genericUtility.BaseClass" name="@BeforeMethod login" time="0.005">
    <failure type="java.lang.NullPointerException" message="Cannot invoke &amp;quot;org.shopping_portal.objectRepository.LoginPagevtiger.loginAction(String, String)&amp;quot; because &amp;quot;this.login&amp;quot; is null">
      <![CDATA[java.lang.NullPointerException: Cannot invoke "org.shopping_portal.objectRepository.LoginPagevtiger.loginAction(String, String)" because "this.login" is null
at org.yantra.genericUtility.BaseClass.login(BaseClass.java:64)
at java.base/java.util.concurrent.ThreadPoolExecutor.runWorker(ThreadPoolExecutor.java:1130)
at java.base/java.util.concurrent.ThreadPoolExecutor$Worker.run(ThreadPoolExecutor.java:630)
at java.base/java.lang.Thread.run(Thread.java:831)
... Removed 16 stack frames]]>
    </failure>
  </testcase> <!-- @BeforeMethod login -->
  <testcase classname="org.yantra.genericUtility.BaseClass" name="@AfterClass classTearDown" time="0.001">
    <failure type="java.lang.NullPointerException" message="Cannot invoke &amp;quot;org.yantra.genericUtility.ExcelUtility.workbookClose()&amp;quot; because &amp;quot;this.excelUtility&amp;quot; is null">
      <![CDATA[java.lang.NullPointerException: Cannot invoke "org.yantra.genericUtility.ExcelUtility.workbookClose()" because "this.excelUtility" is null
at org.yantra.genericUtility.BaseClass.classTearDown(BaseClass.java:81)
at java.base/java.util.concurrent.ThreadPoolExecutor.runWorker(ThreadPoolExecutor.java:1130)
at java.base/java.util.concurrent.ThreadPoolExecutor$Worker.run(ThreadPoolExecutor.java:630)
at java.base/java.lang.Thread.run(Thread.java:831)
... Removed 10 stack frames]]>
    </failure>
  </testcase> <!-- @AfterClass classTearDown -->
  <testcase classname="org.yantra.genericUtility.BaseClass" name="@AfterClass classTearDown" time="0.004">
    <failure type="java.lang.NullPointerException" message="Cannot invoke &amp;quot;org.yantra.genericUtility.ExcelUtility.workbookClose()&amp;quot; because &amp;quot;this.excelUtility&amp;quot; is null">
      <![CDATA[java.lang.NullPointerException: Cannot invoke "org.yantra.genericUtility.ExcelUtility.workbookClose()" because "this.excelUtility" is null
at org.yantra.genericUtility.BaseClass.classTearDown(BaseClass.java:81)
at java.base/java.util.concurrent.ThreadPoolExecutor.runWorker(ThreadPoolExecutor.java:1130)
at java.base/java.util.concurrent.ThreadPoolExecutor$Worker.run(ThreadPoolExecutor.java:630)
at java.base/java.lang.Thread.run(Thread.java:831)
... Removed 10 stack frames]]>
    </failure>
  </testcase> <!-- @AfterClass classTearDown -->
  <testcase classname="org.yantra.genericUtility.BaseClass" name="@AfterClass classTearDown" time="0.003">
    <failure type="java.lang.NullPointerException" message="Cannot invoke &amp;quot;org.yantra.genericUtility.ExcelUtility.workbookClose()&amp;quot; because &amp;quot;this.excelUtility&amp;quot; is null">
      <![CDATA[java.lang.NullPointerException: Cannot invoke "org.yantra.genericUtility.ExcelUtility.workbookClose()" because "this.excelUtility" is null
at org.yantra.genericUtility.BaseClass.classTearDown(BaseClass.java:81)
at java.base/java.util.concurrent.ThreadPoolExecutor.runWorker(ThreadPoolExecutor.java:1130)
at java.base/java.util.concurrent.ThreadPoolExecutor$Worker.run(ThreadPoolExecutor.java:630)
at java.base/java.lang.Thread.run(Thread.java:831)
... Removed 10 stack frames]]>
    </failure>
  </testcase> <!-- @AfterClass classTearDown -->
  <testcase classname="assignment.Actitime" name="acti" time="0.0">
    <skipped/>
  </testcase> <!-- acti -->
  <testcase classname="assignment.ActiPopup" name="popup" time="0.0">
    <skipped/>
  </testcase> <!-- popup -->
  <testcase classname="assignment.AuthenticationPopup" name="Athentication" time="0.0">
    <skipped/>
  </testcase> <!-- Athentication -->
</testsuite> <!-- Test-firefox -->
