<?xml version="1.0" encoding="UTF-8"?>
<!-- Generated by org.testng.reporters.JUnitReportReporter -->
<testsuite hostname="Tasmayi" failures="0" tests="1" name="assignment.AssertExample" time="0.071" errors="0" timestamp="2023-08-08T16:48:43 IST" skipped="0">
  <testcase classname="assignment.AssertExample" name="AssertExampleone" time="0.071"/>
  <system-out/>
</testsuite> <!-- assignment.AssertExample -->
