<?xml version="1.0" encoding="UTF-8"?>
<!-- Generated by org.testng.reporters.JUnitReportReporter -->
<testsuite hostname="Tasmayi" failures="0" tests="1" name="assignment.Assert_Example" time="0.080" errors="0" timestamp="2023-08-09T19:06:01 IST" skipped="0">
  <testcase classname="assignment.Assert_Example" name="AssertExampleone1" time="0.080"/>
  <system-out/>
</testsuite> <!-- assignment.Assert_Example -->
