<?xml version="1.0" encoding="UTF-8"?>
<!-- Generated by org.testng.reporters.JUnitReportReporter -->
<testsuite hostname="ManiTheertham" failures="0" tests="1" name="org.practice.TestNG.FlipkartTest" time="16.995" errors="0" timestamp="2023-06-07T10:28:44 IST" skipped="0">
  <testcase classname="org.practice.TestNG.FlipkartTest" name="flip" time="16.995"/>
  <system-out/>
</testsuite> <!-- org.practice.TestNG.FlipkartTest -->
