<?xml version="1.0" encoding="UTF-8"?>
<!-- Generated by org.testng.reporters.JUnitReportReporter -->
<testsuite hostname="Tasmayi" failures="0" tests="1" name="assignment.AssertSimple" time="0.135" errors="0" timestamp="2023-08-04T19:55:08 IST" skipped="0">
  <testcase classname="assignment.AssertSimple" name="SampleAssert" time="0.135"/>
  <system-out/>
</testsuite> <!-- assignment.AssertSimple -->
