<?xml version="1.0" encoding="UTF-8"?>
<!-- Generated by org.testng.reporters.JUnitReportReporter -->
<testsuite hostname="Tasmayi" failures="0" tests="1" name="assignment.CalenderPage" time="28.610" errors="0" timestamp="2023-08-10T18:05:22 IST" skipped="0">
  <testcase classname="assignment.CalenderPage" name="calender" time="28.610"/>
  <system-out/>
</testsuite> <!-- assignment.CalenderPage -->
