<?xml version="1.0" encoding="UTF-8"?>
<!-- Generated by org.testng.reporters.JUnitReportReporter -->
<testsuite hostname="ManiTheertham" failures="0" tests="1" name="assignment.FileUpload" time="64.734" errors="0" timestamp="2023-07-10T19:38:15 IST" skipped="0">
  <testcase classname="assignment.FileUpload" name="fileUploading" time="64.734"/>
  <system-out/>
</testsuite> <!-- assignment.FileUpload -->
